Logging Capabilites setup
11/30/19 17:31:12 -- Logging Capabilites setup
12/01/19 21:37:59 -- Logging Capabilites setup
12/01/2019 09:37:59 PM -- Initializing Task Manager
12/01/2019 09:37:59 PM -- Link All Buttons
12/01/2019 09:37:59 PM -- Link Main Quit
12/01/2019 09:37:59 PM -- Linking Tabs
12/01/2019 09:38:33 PM -- Drawing Resource Graph
12/01/2019 09:38:33 PM -- Drawing Resource Graph
12/01/2019 09:38:35 PM -- Drawing Resource Graph
12/01/2019 09:38:35 PM -- Drawing Resource Graph
12/01/2019 09:38:36 PM -- Drawing Resource Graph
12/01/2019 09:38:39 PM -- Drawing Resource Graph
12/01/2019 09:38:42 PM -- Drawing Resource Graph
12/01/2019 09:38:42 PM -- Drawing Resource Graph
12/01/2019 09:38:43 PM -- Quitting Application
-----------------------------------------------
12/01/19 21:41:44 -- Logging Capabilites setup
12/01/2019 09:41:44 PM -- Initializing Task Manager
12/01/2019 09:41:44 PM -- Link All Buttons
12/01/2019 09:41:44 PM -- Link Main Quit
12/01/2019 09:41:44 PM -- Linking Tabs
12/01/2019 09:42:13 PM -- Drawing Resource Graph
12/01/2019 09:42:13 PM -- Drawing Resource Graph
12/01/2019 09:42:34 PM -- Quitting Application
-----------------------------------------------
12/02/19 00:42:33 -- Logging Capabilites setup
12/02/2019 12:42:33 AM -- Initializing Task Manager
12/02/2019 12:42:33 AM -- Link All Buttons
12/02/2019 12:42:33 AM -- Link Main Quit
12/02/2019 12:42:33 AM -- Linking Tabs
12/02/2019 12:42:37 AM -- Drawing Resource Graph
12/02/2019 12:42:37 AM -- Drawing Resource Graph
12/02/2019 12:42:37 AM -- Drawing Resource Graph
12/02/2019 12:42:37 AM -- Drawing Resource Graph
12/02/2019 12:42:37 AM -- Drawing Resource Graph
12/02/2019 12:42:40 AM -- Quitting Application
-----------------------------------------------
